# JRE version: Java(TM) SE Runtime Environment (21.0.1+12) (build 21.0.1+12-LTS-29)
# Java VM: Java HotSpot(TM) 64-Bit Server VM (21.0.1+12-LTS-29, mixed mode, tiered, compressed oops, compressed class ptrs, g1 gc, windows-amd64)
GC Precious Log:
 CardTable entry size: 512
 Card Set container configuration: InlinePtr #cards 4 size 8 Array Of Cards #cards 16 size 48 Howl #buckets 8 coarsen threshold 3686 Howl Bitmap #cards 512 size 80 coarsen threshold 460 Card regions per heap region 1 cards per card region 4096
 CPUs: 8 total, 8 available
 Memory: 7937M
 Large Page Support: Disabled
 NUMA Support: Disabled
 Compressed Oops: Enabled (Zero based)
 Heap Region Size: 2M
 Heap Min Capacity: 8M
 Heap Initial Capacity: 126M
 Heap Max Capacity: 4G
 Pre-touch: Disabled
 Parallel Workers: 8
 Concurrent Workers: 2
 Concurrent Refinement Workers: 8
 Periodic GC: Disabled
Heap:
 garbage-first heap   total 90112K, used 26311K [0x0000000700000000, 0x0000000800000000)
  region size 2048K, 3 young (6144K), 2 survivors (4096K)
 Metaspace       used 35320K, committed 36096K, reserved 1114112K
  class space    used 4536K, committed 4928K, reserved 1048576K
GC Heap History (10 events):
Event: 7.160 GC heap before
{Heap before GC invocations=0 (full 0):
 garbage-first heap   total 129024K, used 24576K [0x0000000700000000, 0x0000000800000000)
  region size 2048K, 11 young (22528K), 0 survivors (0K)
 Metaspace       used 10800K, committed 10880K, reserved 1114112K
  class space    used 1057K, committed 1088K, reserved 1048576K
}
Event: 7.168 GC heap after
{Heap after GC invocations=1 (full 0):
 garbage-first heap   total 129024K, used 10104K [0x0000000700000000, 0x0000000800000000)
  region size 2048K, 2 young (4096K), 2 survivors (4096K)
 Metaspace       used 10800K, committed 10880K, reserved 1114112K
  class space    used 1057K, committed 1088K, reserved 1048576K
}
Event: 8.980 GC heap before
{Heap before GC invocations=1 (full 0):
 garbage-first heap   total 129024K, used 36728K [0x0000000700000000, 0x0000000800000000)
  region size 2048K, 16 young (32768K), 2 survivors (4096K)
 Metaspace       used 12023K, committed 12224K, reserved 1114112K
  class space    used 1190K, committed 1280K, reserved 1048576K
}
Event: 8.987 GC heap after
{Heap after GC invocations=2 (full 0):
 garbage-first heap   total 129024K, used 11121K [0x0000000700000000, 0x0000000800000000)
  region size 2048K, 1 young (2048K), 1 survivors (2048K)
 Metaspace       used 12023K, committed 12224K, reserved 1114112K
  class space    used 1190K, committed 1280K, reserved 1048576K
}
Event: 11.702 GC heap before
{Heap before GC invocations=2 (full 0):
 garbage-first heap   total 129024K, used 54129K [0x0000000700000000, 0x0000000800000000)
  region size 2048K, 23 young (47104K), 1 survivors (2048K)
 Metaspace       used 21151K, committed 21504K, reserved 1114112K
  class space    used 2335K, committed 2496K, reserved 1048576K
}
Event: 11.711 GC heap after
{Heap after GC invocations=3 (full 0):
 garbage-first heap   total 129024K, used 18886K [0x0000000700000000, 0x0000000800000000)
  region size 2048K, 5 young (10240K), 5 survivors (10240K)
 Metaspace       used 21151K, committed 21504K, reserved 1114112K
  class space    used 2335K, committed 2496K, reserved 1048576K
}
Event: 13.824 GC heap before
{Heap before GC invocations=4 (full 0):
 garbage-first heap   total 75776K, used 72134K [0x0000000700000000, 0x0000000800000000)
  region size 2048K, 32 young (65536K), 5 survivors (10240K)
 Metaspace       used 29676K, committed 30336K, reserved 1114112K
  class space    used 3702K, committed 4032K, reserved 1048576K
}
Event: 13.838 GC heap after
{Heap after GC invocations=5 (full 0):
 garbage-first heap   total 90112K, used 22386K [0x0000000700000000, 0x0000000800000000)
  region size 2048K, 2 young (4096K), 2 survivors (4096K)
 Metaspace       used 29676K, committed 30336K, reserved 1114112K
  class space    used 3702K, committed 4032K, reserved 1048576K
}
Event: 15.218 GC heap before
{Heap before GC invocations=5 (full 0):
 garbage-first heap   total 90112K, used 59250K [0x0000000700000000, 0x0000000800000000)
  region size 2048K, 22 young (45056K), 2 survivors (4096K)
 Metaspace       used 35207K, committed 35968K, reserved 1114112K
  class space    used 4516K, committed 4864K, reserved 1048576K
}
Event: 15.225 GC heap after
{Heap after GC invocations=6 (full 0):
 garbage-first heap   total 90112K, used 26311K [0x0000000700000000, 0x0000000800000000)
  region size 2048K, 2 young (4096K), 2 survivors (4096K)
 Metaspace       used 35207K, committed 35968K, reserved 1114112K
  class space    used 4516K, committed 4864K, reserved 1048576K
}

