# JRE version: Java(TM) SE Runtime Environment (21.0.1+12) (build 21.0.1+12-LTS-29)
# Java VM: Java HotSpot(TM) 64-Bit Server VM (21.0.1+12-LTS-29, mixed mode, sharing, tiered, compressed oops, compressed class ptrs, g1 gc, windows-amd64)
GC Precious Log:
 CardTable entry size: 512
 Card Set container configuration: InlinePtr #cards 4 size 8 Array Of Cards #cards 32 size 80 Howl #buckets 8 coarsen threshold 7372 Howl Bitmap #cards 1024 size 144 coarsen threshold 921 Card regions per heap region 1 cards per card region 8192
 CPUs: 8 total, 8 available
 Memory: 7937M
 Large Page Support: Disabled
 NUMA Support: Disabled
 Compressed Oops: Enabled (Zero based)
 Heap Region Size: 4M
 Heap Min Capacity: 8M
 Heap Initial Capacity: 128M
 Heap Max Capacity: 8G
 Pre-touch: Disabled
 Parallel Workers: 8
 Concurrent Workers: 2
 Concurrent Refinement Workers: 8
 Periodic GC: Disabled
Heap:
 garbage-first heap   total 110592K, used 63642K [0x0000000600000000, 0x0000000800000000)
  region size 4096K, 8 young (32768K), 2 survivors (8192K)
 Metaspace       used 53310K, committed 55104K, reserved 1114112K
  class space    used 7601K, committed 8512K, reserved 1048576K
GC Heap History (20 events):
Event: 11.970 GC heap before
{Heap before GC invocations=1 (full 0):
 garbage-first heap   total 131072K, used 42804K [0x0000000600000000, 0x0000000800000000)
  region size 4096K, 10 young (40960K), 1 survivors (4096K)
 Metaspace       used 4401K, committed 4608K, reserved 1114112K
  class space    used 542K, committed 640K, reserved 1048576K
}
Event: 11.985 GC heap after
{Heap after GC invocations=2 (full 0):
 garbage-first heap   total 131072K, used 11714K [0x0000000600000000, 0x0000000800000000)
  region size 4096K, 2 young (8192K), 2 survivors (8192K)
 Metaspace       used 4401K, committed 4608K, reserved 1114112K
  class space    used 542K, committed 640K, reserved 1048576K
}
Event: 16.577 GC heap before
{Heap before GC invocations=2 (full 0):
 garbage-first heap   total 131072K, used 48578K [0x0000000600000000, 0x0000000800000000)
  region size 4096K, 12 young (49152K), 2 survivors (8192K)
 Metaspace       used 4818K, committed 4992K, reserved 1114112K
  class space    used 613K, committed 704K, reserved 1048576K
}
Event: 16.597 GC heap after
{Heap after GC invocations=3 (full 0):
 garbage-first heap   total 131072K, used 16639K [0x0000000600000000, 0x0000000800000000)
  region size 4096K, 2 young (8192K), 2 survivors (8192K)
 Metaspace       used 4818K, committed 4992K, reserved 1114112K
  class space    used 613K, committed 704K, reserved 1048576K
}
Event: 27.402 GC heap before
{Heap before GC invocations=3 (full 0):
 garbage-first heap   total 131072K, used 86271K [0x0000000600000000, 0x0000000800000000)
  region size 4096K, 19 young (77824K), 2 survivors (8192K)
 Metaspace       used 18432K, committed 19008K, reserved 1114112K
  class space    used 2580K, committed 2880K, reserved 1048576K
}
Event: 27.441 GC heap after
{Heap after GC invocations=4 (full 0):
 garbage-first heap   total 131072K, used 22556K [0x0000000600000000, 0x0000000800000000)
  region size 4096K, 3 young (12288K), 3 survivors (12288K)
 Metaspace       used 18432K, committed 19008K, reserved 1114112K
  class space    used 2580K, committed 2880K, reserved 1048576K
}
Event: 29.338 GC heap before
{Heap before GC invocations=4 (full 0):
 garbage-first heap   total 131072K, used 38940K [0x0000000600000000, 0x0000000800000000)
  region size 4096K, 8 young (32768K), 3 survivors (12288K)
 Metaspace       used 20863K, committed 21504K, reserved 1114112K
  class space    used 2988K, committed 3264K, reserved 1048576K
}
Event: 29.356 GC heap after
{Heap after GC invocations=5 (full 0):
 garbage-first heap   total 131072K, used 23869K [0x0000000600000000, 0x0000000800000000)
  region size 4096K, 2 young (8192K), 2 survivors (8192K)
 Metaspace       used 20863K, committed 21504K, reserved 1114112K
  class space    used 2988K, committed 3264K, reserved 1048576K
}
Event: 36.138 GC heap before
{Heap before GC invocations=6 (full 0):
 garbage-first heap   total 98304K, used 93501K [0x0000000600000000, 0x0000000800000000)
  region size 4096K, 19 young (77824K), 2 survivors (8192K)
 Metaspace       used 29665K, committed 30784K, reserved 1114112K
  class space    used 4376K, committed 4928K, reserved 1048576K
}
Event: 36.164 GC heap after
{Heap after GC invocations=7 (full 0):
 garbage-first heap   total 110592K, used 29808K [0x0000000600000000, 0x0000000800000000)
  region size 4096K, 2 young (8192K), 2 survivors (8192K)
 Metaspace       used 29665K, committed 30784K, reserved 1114112K
  class space    used 4376K, committed 4928K, reserved 1048576K
}
Event: 40.653 GC heap before
{Heap before GC invocations=7 (full 0):
 garbage-first heap   total 110592K, used 62576K [0x0000000600000000, 0x0000000800000000)
  region size 4096K, 12 young (49152K), 2 survivors (8192K)
 Metaspace       used 34660K, committed 35968K, reserved 1114112K
  class space    used 5132K, committed 5824K, reserved 1048576K
}
Event: 40.671 GC heap after
{Heap after GC invocations=8 (full 0):
 garbage-first heap   total 110592K, used 31908K [0x0000000600000000, 0x0000000800000000)
  region size 4096K, 1 young (4096K), 1 survivors (4096K)
 Metaspace       used 34660K, committed 35968K, reserved 1114112K
  class space    used 5132K, committed 5824K, reserved 1048576K
}
Event: 49.898 GC heap before
{Heap before GC invocations=9 (full 0):
 garbage-first heap   total 110592K, used 85156K [0x0000000600000000, 0x0000000800000000)
  region size 4096K, 15 young (61440K), 1 survivors (4096K)
 Metaspace       used 41243K, committed 42624K, reserved 1114112K
  class space    used 5782K, committed 6464K, reserved 1048576K
}
Event: 49.918 GC heap after
{Heap after GC invocations=10 (full 0):
 garbage-first heap   total 110592K, used 37706K [0x0000000600000000, 0x0000000800000000)
  region size 4096K, 2 young (8192K), 2 survivors (8192K)
 Metaspace       used 41243K, committed 42624K, reserved 1114112K
  class space    used 5782K, committed 6464K, reserved 1048576K
}
Event: 56.815 GC heap before
{Heap before GC invocations=10 (full 0):
 garbage-first heap   total 110592K, used 90954K [0x0000000600000000, 0x0000000800000000)
  region size 4096K, 15 young (61440K), 2 survivors (8192K)
 Metaspace       used 44928K, committed 46528K, reserved 1114112K
  class space    used 6384K, committed 7168K, reserved 1048576K
}
Event: 56.830 GC heap after
{Heap after GC invocations=11 (full 0):
 garbage-first heap   total 110592K, used 39961K [0x0000000600000000, 0x0000000800000000)
  region size 4096K, 1 young (4096K), 1 survivors (4096K)
 Metaspace       used 44928K, committed 46528K, reserved 1114112K
  class space    used 6384K, committed 7168K, reserved 1048576K
}
Event: 61.539 GC heap before
{Heap before GC invocations=11 (full 0):
 garbage-first heap   total 110592K, used 89113K [0x0000000600000000, 0x0000000800000000)
  region size 4096K, 13 young (53248K), 1 survivors (4096K)
 Metaspace       used 47557K, committed 49280K, reserved 1114112K
  class space    used 6810K, committed 7680K, reserved 1048576K
}
Event: 61.553 GC heap after
{Heap after GC invocations=12 (full 0):
 garbage-first heap   total 110592K, used 41284K [0x0000000600000000, 0x0000000800000000)
  region size 4096K, 2 young (8192K), 2 survivors (8192K)
 Metaspace       used 47557K, committed 49280K, reserved 1114112K
  class space    used 6810K, committed 7680K, reserved 1048576K
}
Event: 65.641 GC heap before
{Heap before GC invocations=12 (full 0):
 garbage-first heap   total 110592K, used 86340K [0x0000000600000000, 0x0000000800000000)
  region size 4096K, 13 young (53248K), 2 survivors (8192K)
 Metaspace       used 52313K, committed 54144K, reserved 1114112K
  class space    used 7466K, committed 8384K, reserved 1048576K
}
Event: 65.656 GC heap after
{Heap after GC invocations=13 (full 0):
 garbage-first heap   total 110592K, used 43162K [0x0000000600000000, 0x0000000800000000)
  region size 4096K, 2 young (8192K), 2 survivors (8192K)
 Metaspace       used 52313K, committed 54144K, reserved 1114112K
  class space    used 7466K, committed 8384K, reserved 1048576K
}

