# JRE version: Java(TM) SE Runtime Environment (21.0.1+12) (build 21.0.1+12-LTS-29)
# Java VM: Java HotSpot(TM) 64-Bit Server VM (21.0.1+12-LTS-29, mixed mode, sharing, tiered, compressed oops, compressed class ptrs, g1 gc, windows-amd64)
GC Precious Log:
 CardTable entry size: 512
 Card Set container configuration: InlinePtr #cards 4 size 8 Array Of Cards #cards 16 size 48 Howl #buckets 8 coarsen threshold 3686 Howl Bitmap #cards 512 size 80 coarsen threshold 460 Card regions per heap region 1 cards per card region 4096
 CPUs: 8 total, 8 available
 Memory: 7937M
 Large Page Support: Disabled
 NUMA Support: Disabled
 Compressed Oops: Enabled (Zero based)
 Heap Region Size: 2M
 Heap Min Capacity: 8M
 Heap Initial Capacity: 126M
 Heap Max Capacity: 4G
 Pre-touch: Disabled
 Parallel Workers: 8
 Concurrent Workers: 2
 Concurrent Refinement Workers: 8
 Periodic GC: Disabled
Heap:
 garbage-first heap   total 129024K, used 73728K [0x0000000700000000, 0x0000000800000000)
  region size 2048K, 3 young (6144K), 3 survivors (6144K)
 Metaspace       used 72353K, committed 74432K, reserved 1114112K
  class space    used 10417K, committed 11456K, reserved 1048576K
GC Heap History (20 events):
Event: 12.169 GC heap after
{Heap after GC invocations=10 (full 0):
 garbage-first heap   total 98304K, used 37715K [0x0000000700000000, 0x0000000800000000)
  region size 2048K, 2 young (4096K), 2 survivors (4096K)
 Metaspace       used 42233K, committed 43584K, reserved 1114112K
  class space    used 5875K, committed 6528K, reserved 1048576K
}
Event: 13.206 GC heap before
{Heap before GC invocations=10 (full 0):
 garbage-first heap   total 98304K, used 82771K [0x0000000700000000, 0x0000000800000000)
  region size 2048K, 24 young (49152K), 2 survivors (4096K)
 Metaspace       used 46287K, committed 47872K, reserved 1114112K
  class space    used 6553K, committed 7360K, reserved 1048576K
}
Event: 13.213 GC heap after
{Heap after GC invocations=11 (full 0):
 garbage-first heap   total 98304K, used 40159K [0x0000000700000000, 0x0000000800000000)
  region size 2048K, 2 young (4096K), 2 survivors (4096K)
 Metaspace       used 46287K, committed 47872K, reserved 1114112K
  class space    used 6553K, committed 7360K, reserved 1048576K
}
Event: 14.767 GC heap before
{Heap before GC invocations=11 (full 0):
 garbage-first heap   total 98304K, used 83167K [0x0000000700000000, 0x0000000800000000)
  region size 2048K, 23 young (47104K), 2 survivors (4096K)
 Metaspace       used 50286K, committed 51968K, reserved 1114112K
  class space    used 7160K, committed 8000K, reserved 1048576K
}
Event: 14.779 GC heap after
{Heap after GC invocations=12 (full 0):
 garbage-first heap   total 98304K, used 43062K [0x0000000700000000, 0x0000000800000000)
  region size 2048K, 3 young (6144K), 3 survivors (6144K)
 Metaspace       used 50286K, committed 51968K, reserved 1114112K
  class space    used 7160K, committed 8000K, reserved 1048576K
}
Event: 16.755 GC heap before
{Heap before GC invocations=12 (full 0):
 garbage-first heap   total 98304K, used 84022K [0x0000000700000000, 0x0000000800000000)
  region size 2048K, 23 young (47104K), 3 survivors (6144K)
 Metaspace       used 54012K, committed 55872K, reserved 1114112K
  class space    used 7811K, committed 8768K, reserved 1048576K
}
Event: 16.765 GC heap after
{Heap after GC invocations=13 (full 0):
 garbage-first heap   total 98304K, used 45690K [0x0000000700000000, 0x0000000800000000)
  region size 2048K, 3 young (6144K), 3 survivors (6144K)
 Metaspace       used 54012K, committed 55872K, reserved 1114112K
  class space    used 7811K, committed 8768K, reserved 1048576K
}
Event: 17.527 GC heap before
{Heap before GC invocations=13 (full 0):
 garbage-first heap   total 98304K, used 74362K [0x0000000700000000, 0x0000000800000000)
  region size 2048K, 16 young (32768K), 3 survivors (6144K)
 Metaspace       used 57047K, committed 58944K, reserved 1114112K
  class space    used 8183K, committed 9152K, reserved 1048576K
}
Event: 17.536 GC heap after
{Heap after GC invocations=14 (full 0):
 garbage-first heap   total 98304K, used 51877K [0x0000000700000000, 0x0000000800000000)
  region size 2048K, 3 young (6144K), 3 survivors (6144K)
 Metaspace       used 57047K, committed 58944K, reserved 1114112K
  class space    used 8183K, committed 9152K, reserved 1048576K
}
Event: 18.132 GC heap before
{Heap before GC invocations=15 (full 0):
 garbage-first heap   total 112640K, used 88741K [0x0000000700000000, 0x0000000800000000)
  region size 2048K, 17 young (34816K), 3 survivors (6144K)
 Metaspace       used 59533K, committed 61504K, reserved 1114112K
  class space    used 8549K, committed 9536K, reserved 1048576K
}
Event: 18.137 GC heap after
{Heap after GC invocations=16 (full 0):
 garbage-first heap   total 112640K, used 61829K [0x0000000700000000, 0x0000000800000000)
  region size 2048K, 2 young (4096K), 2 survivors (4096K)
 Metaspace       used 59533K, committed 61504K, reserved 1114112K
  class space    used 8549K, committed 9536K, reserved 1048576K
}
Event: 18.816 GC heap before
{Heap before GC invocations=16 (full 0):
 garbage-first heap   total 112640K, used 96645K [0x0000000700000000, 0x0000000800000000)
  region size 2048K, 19 young (38912K), 2 survivors (4096K)
 Metaspace       used 62830K, committed 64768K, reserved 1114112K
  class space    used 8975K, committed 9984K, reserved 1048576K
}
Event: 18.825 GC heap after
{Heap after GC invocations=17 (full 0):
 garbage-first heap   total 112640K, used 63627K [0x0000000700000000, 0x0000000800000000)
  region size 2048K, 2 young (4096K), 2 survivors (4096K)
 Metaspace       used 62830K, committed 64768K, reserved 1114112K
  class space    used 8975K, committed 9984K, reserved 1048576K
}
Event: 19.533 GC heap before
{Heap before GC invocations=17 (full 0):
 garbage-first heap   total 112640K, used 96395K [0x0000000700000000, 0x0000000800000000)
  region size 2048K, 19 young (38912K), 2 survivors (4096K)
 Metaspace       used 65089K, committed 67008K, reserved 1114112K
  class space    used 9257K, committed 10240K, reserved 1048576K
}
Event: 19.540 GC heap after
{Heap after GC invocations=18 (full 0):
 garbage-first heap   total 112640K, used 64997K [0x0000000700000000, 0x0000000800000000)
  region size 2048K, 2 young (4096K), 2 survivors (4096K)
 Metaspace       used 65089K, committed 67008K, reserved 1114112K
  class space    used 9257K, committed 10240K, reserved 1048576K
}
Event: 20.338 GC heap before
{Heap before GC invocations=19 (full 0):
 garbage-first heap   total 120832K, used 97765K [0x0000000700000000, 0x0000000800000000)
  region size 2048K, 18 young (36864K), 2 survivors (4096K)
 Metaspace       used 67003K, committed 68928K, reserved 1114112K
  class space    used 9523K, committed 10496K, reserved 1048576K
}
Event: 20.344 GC heap after
{Heap after GC invocations=20 (full 0):
 garbage-first heap   total 120832K, used 67519K [0x0000000700000000, 0x0000000800000000)
  region size 2048K, 3 young (6144K), 3 survivors (6144K)
 Metaspace       used 67003K, committed 68928K, reserved 1114112K
  class space    used 9523K, committed 10496K, reserved 1048576K
}
Event: 21.374 GC heap before
{Heap before GC invocations=20 (full 0):
 garbage-first heap   total 120832K, used 104383K [0x0000000700000000, 0x0000000800000000)
  region size 2048K, 21 young (43008K), 3 survivors (6144K)
 Metaspace       used 69697K, committed 71744K, reserved 1114112K
  class space    used 9951K, committed 10944K, reserved 1048576K
}
Event: 21.388 GC heap after
{Heap after GC invocations=21 (full 0):
 garbage-first heap   total 120832K, used 69863K [0x0000000700000000, 0x0000000800000000)
  region size 2048K, 3 young (6144K), 3 survivors (6144K)
 Metaspace       used 69697K, committed 71744K, reserved 1114112K
  class space    used 9951K, committed 10944K, reserved 1048576K
}
Event: 23.395 GC heap before
{Heap before GC invocations=21 (full 0):
 garbage-first heap   total 120832K, used 104679K [0x0000000700000000, 0x0000000800000000)
  region size 2048K, 20 young (40960K), 3 survivors (6144K)
 Metaspace       used 72353K, committed 74432K, reserved 1114112K
  class space    used 10417K, committed 11456K, reserved 1048576K
}

