# JRE version: Java(TM) SE Runtime Environment (21.0.1+12) (build 21.0.1+12-LTS-29)
# Java VM: Java HotSpot(TM) 64-Bit Server VM (21.0.1+12-LTS-29, mixed mode, sharing, tiered, compressed oops, compressed class ptrs, g1 gc, windows-amd64)
GC Precious Log:
 CardTable entry size: 512
 Card Set container configuration: InlinePtr #cards 4 size 8 Array Of Cards #cards 16 size 48 Howl #buckets 8 coarsen threshold 3686 Howl Bitmap #cards 512 size 80 coarsen threshold 460 Card regions per heap region 1 cards per card region 4096
 CPUs: 8 total, 8 available
 Memory: 7937M
 Large Page Support: Disabled
 NUMA Support: Disabled
 Compressed Oops: Enabled (Zero based)
 Heap Region Size: 2M
 Heap Min Capacity: 8M
 Heap Initial Capacity: 126M
 Heap Max Capacity: 4G
 Pre-touch: Disabled
 Parallel Workers: 8
 Concurrent Workers: 2
 Concurrent Refinement Workers: 8
 Periodic GC: Disabled
Heap:
 garbage-first heap   total 481280K, used 418407K [0x0000000700000000, 0x0000000800000000)
  region size 2048K, 77 young (157696K), 7 survivors (14336K)
 Metaspace       used 125113K, committed 128064K, reserved 1179648K
  class space    used 17385K, committed 18816K, reserved 1048576K
GC Heap History (20 events):
Event: 117.801 GC heap before
{Heap before GC invocations=47 (full 0):
 garbage-first heap   total 294912K, used 258816K [0x0000000700000000, 0x0000000800000000)
  region size 2048K, 43 young (88064K), 2 survivors (4096K)
 Metaspace       used 113259K, committed 115968K, reserved 1179648K
  class space    used 15898K, committed 17216K, reserved 1048576K
}
Event: 117.816 GC heap after
{Heap after GC invocations=48 (full 0):
 garbage-first heap   total 294912K, used 182154K [0x0000000700000000, 0x0000000800000000)
  region size 2048K, 6 young (12288K), 6 survivors (12288K)
 Metaspace       used 113259K, committed 115968K, reserved 1179648K
  class space    used 15898K, committed 17216K, reserved 1048576K
}
Event: 121.843 GC heap before
{Heap before GC invocations=48 (full 0):
 garbage-first heap   total 294912K, used 268170K [0x0000000700000000, 0x0000000800000000)
  region size 2048K, 46 young (94208K), 6 survivors (12288K)
 Metaspace       used 113544K, committed 116224K, reserved 1179648K
  class space    used 15919K, committed 17216K, reserved 1048576K
}
Event: 121.861 GC heap after
{Heap after GC invocations=49 (full 0):
 garbage-first heap   total 299008K, used 199517K [0x0000000700000000, 0x0000000800000000)
  region size 2048K, 6 young (12288K), 6 survivors (12288K)
 Metaspace       used 113544K, committed 116224K, reserved 1179648K
  class space    used 15919K, committed 17216K, reserved 1048576K
}
Event: 122.947 GC heap before
{Heap before GC invocations=49 (full 0):
 garbage-first heap   total 299008K, used 267101K [0x0000000700000000, 0x0000000800000000)
  region size 2048K, 40 young (81920K), 6 survivors (12288K)
 Metaspace       used 113874K, committed 116608K, reserved 1179648K
  class space    used 15954K, committed 17280K, reserved 1048576K
}
Event: 122.961 GC heap after
{Heap after GC invocations=50 (full 0):
 garbage-first heap   total 299008K, used 207348K [0x0000000700000000, 0x0000000800000000)
  region size 2048K, 4 young (8192K), 4 survivors (8192K)
 Metaspace       used 113874K, committed 116608K, reserved 1179648K
  class space    used 15954K, committed 17280K, reserved 1048576K
}
Event: 124.904 GC heap before
{Heap before GC invocations=51 (full 0):
 garbage-first heap   total 362496K, used 266740K [0x0000000700000000, 0x0000000800000000)
  region size 2048K, 34 young (69632K), 4 survivors (8192K)
 Metaspace       used 114047K, committed 116800K, reserved 1179648K
  class space    used 15973K, committed 17280K, reserved 1048576K
}
Event: 124.915 GC heap after
{Heap after GC invocations=52 (full 0):
 garbage-first heap   total 362496K, used 217253K [0x0000000700000000, 0x0000000800000000)
  region size 2048K, 5 young (10240K), 5 survivors (10240K)
 Metaspace       used 114047K, committed 116800K, reserved 1179648K
  class space    used 15973K, committed 17280K, reserved 1048576K
}
Event: 127.841 GC heap before
{Heap before GC invocations=52 (full 0):
 garbage-first heap   total 362496K, used 317605K [0x0000000700000000, 0x0000000800000000)
  region size 2048K, 55 young (112640K), 5 survivors (10240K)
 Metaspace       used 114724K, committed 117568K, reserved 1179648K
  class space    used 16066K, committed 17408K, reserved 1048576K
}
Event: 127.862 GC heap after
{Heap after GC invocations=53 (full 0):
 garbage-first heap   total 362496K, used 225525K [0x0000000700000000, 0x0000000800000000)
  region size 2048K, 4 young (8192K), 4 survivors (8192K)
 Metaspace       used 114724K, committed 117568K, reserved 1179648K
  class space    used 16066K, committed 17408K, reserved 1048576K
}
Event: 131.229 GC heap before
{Heap before GC invocations=53 (full 0):
 garbage-first heap   total 362496K, used 325877K [0x0000000700000000, 0x0000000800000000)
  region size 2048K, 54 young (110592K), 4 survivors (8192K)
 Metaspace       used 115098K, committed 117952K, reserved 1179648K
  class space    used 16107K, committed 17472K, reserved 1048576K
}
Event: 131.246 GC heap after
{Heap after GC invocations=54 (full 0):
 garbage-first heap   total 362496K, used 235582K [0x0000000700000000, 0x0000000800000000)
  region size 2048K, 6 young (12288K), 6 survivors (12288K)
 Metaspace       used 115098K, committed 117952K, reserved 1179648K
  class space    used 16107K, committed 17472K, reserved 1048576K
}
Event: 135.344 GC heap before
{Heap before GC invocations=55 (full 0):
 garbage-first heap   total 403456K, used 323646K [0x0000000700000000, 0x0000000800000000)
  region size 2048K, 50 young (102400K), 6 survivors (12288K)
 Metaspace       used 115574K, committed 118464K, reserved 1179648K
  class space    used 16159K, committed 17536K, reserved 1048576K
}
Event: 135.370 GC heap after
{Heap after GC invocations=56 (full 0):
 garbage-first heap   total 403456K, used 248114K [0x0000000700000000, 0x0000000800000000)
  region size 2048K, 7 young (14336K), 7 survivors (14336K)
 Metaspace       used 115574K, committed 118464K, reserved 1179648K
  class space    used 16159K, committed 17536K, reserved 1048576K
}
Event: 139.349 GC heap before
{Heap before GC invocations=56 (full 0):
 garbage-first heap   total 403456K, used 364850K [0x0000000700000000, 0x0000000800000000)
  region size 2048K, 64 young (131072K), 7 survivors (14336K)
 Metaspace       used 119439K, committed 122368K, reserved 1179648K
  class space    used 16691K, committed 18048K, reserved 1048576K
}
Event: 139.380 GC heap after
{Heap after GC invocations=57 (full 0):
 garbage-first heap   total 403456K, used 256469K [0x0000000700000000, 0x0000000800000000)
  region size 2048K, 5 young (10240K), 5 survivors (10240K)
 Metaspace       used 119439K, committed 122368K, reserved 1179648K
  class space    used 16691K, committed 18048K, reserved 1048576K
}
Event: 140.955 GC heap before
{Heap before GC invocations=57 (full 0):
 garbage-first heap   total 403456K, used 365013K [0x0000000700000000, 0x0000000800000000)
  region size 2048K, 58 young (118784K), 5 survivors (10240K)
 Metaspace       used 122834K, committed 125760K, reserved 1179648K
  class space    used 17171K, committed 18560K, reserved 1048576K
}
Event: 140.969 GC heap after
{Heap after GC invocations=58 (full 0):
 garbage-first heap   total 403456K, used 265265K [0x0000000700000000, 0x0000000800000000)
  region size 2048K, 5 young (10240K), 5 survivors (10240K)
 Metaspace       used 122834K, committed 125760K, reserved 1179648K
  class space    used 17171K, committed 18560K, reserved 1048576K
}
Event: 142.849 GC heap before
{Heap before GC invocations=59 (full 0):
 garbage-first heap   total 481280K, used 363569K [0x0000000700000000, 0x0000000800000000)
  region size 2048K, 53 young (108544K), 5 survivors (10240K)
 Metaspace       used 124722K, committed 127616K, reserved 1179648K
  class space    used 17350K, committed 18752K, reserved 1048576K
}
Event: 142.871 GC heap after
{Heap after GC invocations=60 (full 0):
 garbage-first heap   total 481280K, used 277095K [0x0000000700000000, 0x0000000800000000)
  region size 2048K, 7 young (14336K), 7 survivors (14336K)
 Metaspace       used 124722K, committed 127616K, reserved 1179648K
  class space    used 17350K, committed 18752K, reserved 1048576K
}

