# JRE version: Java(TM) SE Runtime Environment (21.0.1+12) (build 21.0.1+12-LTS-29)
# Java VM: Java HotSpot(TM) 64-Bit Server VM (21.0.1+12-LTS-29, mixed mode, sharing, tiered, compressed oops, compressed class ptrs, g1 gc, windows-amd64)
GC Precious Log:
 CardTable entry size: 512
 Card Set container configuration: InlinePtr #cards 4 size 8 Array Of Cards #cards 16 size 48 Howl #buckets 8 coarsen threshold 3686 Howl Bitmap #cards 512 size 80 coarsen threshold 460 Card regions per heap region 1 cards per card region 4096
 CPUs: 8 total, 8 available
 Memory: 7937M
 Large Page Support: Disabled
 NUMA Support: Disabled
 Compressed Oops: Enabled (Zero based)
 Heap Region Size: 2M
 Heap Min Capacity: 8M
 Heap Initial Capacity: 126M
 Heap Max Capacity: 4G
 Pre-touch: Disabled
 Parallel Workers: 8
 Concurrent Workers: 2
 Concurrent Refinement Workers: 8
 Periodic GC: Disabled
Heap:
 garbage-first heap   total 92160K, used 88601K [0x0000000700000000, 0x0000000800000000)
  region size 2048K, 33 young (67584K), 1 survivors (2048K)
 Metaspace       used 29257K, committed 30400K, reserved 1114112K
  class space    used 4357K, committed 4928K, reserved 1048576K
GC Heap History (9 events):
Event: 2.065 GC heap before
{Heap before GC invocations=0 (full 0):
 garbage-first heap   total 129024K, used 24576K [0x0000000700000000, 0x0000000800000000)
  region size 2048K, 11 young (22528K), 0 survivors (0K)
 Metaspace       used 3021K, committed 3136K, reserved 1114112K
  class space    used 382K, committed 448K, reserved 1048576K
}
Event: 2.076 GC heap after
{Heap after GC invocations=1 (full 0):
 garbage-first heap   total 129024K, used 10174K [0x0000000700000000, 0x0000000800000000)
  region size 2048K, 2 young (4096K), 2 survivors (4096K)
 Metaspace       used 3021K, committed 3136K, reserved 1114112K
  class space    used 382K, committed 448K, reserved 1048576K
}
Event: 3.407 GC heap before
{Heap before GC invocations=1 (full 0):
 garbage-first heap   total 129024K, used 36798K [0x0000000700000000, 0x0000000800000000)
  region size 2048K, 16 young (32768K), 2 survivors (4096K)
 Metaspace       used 4155K, committed 4352K, reserved 1114112K
  class space    used 509K, committed 640K, reserved 1048576K
}
Event: 3.415 GC heap after
{Heap after GC invocations=2 (full 0):
 garbage-first heap   total 129024K, used 11181K [0x0000000700000000, 0x0000000800000000)
  region size 2048K, 1 young (2048K), 1 survivors (2048K)
 Metaspace       used 4155K, committed 4352K, reserved 1114112K
  class space    used 509K, committed 640K, reserved 1048576K
}
Event: 7.676 GC heap before
{Heap before GC invocations=2 (full 0):
 garbage-first heap   total 129024K, used 82861K [0x0000000700000000, 0x0000000800000000)
  region size 2048K, 37 young (75776K), 1 survivors (2048K)
 Metaspace       used 16450K, committed 16960K, reserved 1114112K
  class space    used 2269K, committed 2496K, reserved 1048576K
}
Event: 7.696 GC heap after
{Heap after GC invocations=3 (full 0):
 garbage-first heap   total 129024K, used 20519K [0x0000000700000000, 0x0000000800000000)
  region size 2048K, 5 young (10240K), 5 survivors (10240K)
 Metaspace       used 16450K, committed 16960K, reserved 1114112K
  class space    used 2269K, committed 2496K, reserved 1048576K
}
Event: 9.505 GC heap before
{Heap before GC invocations=3 (full 0):
 garbage-first heap   total 129024K, used 53287K [0x0000000700000000, 0x0000000800000000)
  region size 2048K, 22 young (45056K), 5 survivors (10240K)
 Metaspace       used 20847K, committed 21504K, reserved 1114112K
  class space    used 3027K, committed 3328K, reserved 1048576K
}
Event: 9.522 GC heap after
{Heap after GC invocations=4 (full 0):
 garbage-first heap   total 129024K, used 23065K [0x0000000700000000, 0x0000000800000000)
  region size 2048K, 2 young (4096K), 2 survivors (4096K)
 Metaspace       used 20847K, committed 21504K, reserved 1114112K
  class space    used 3027K, committed 3328K, reserved 1048576K
}
Event: 13.669 GC heap before
{Heap before GC invocations=5 (full 0):
 garbage-first heap   total 90112K, used 86553K [0x0000000700000000, 0x0000000800000000)
  region size 2048K, 34 young (69632K), 2 survivors (4096K)
 Metaspace       used 29257K, committed 30400K, reserved 1114112K
  class space    used 4357K, committed 4928K, reserved 1048576K
}

