# JRE version: Java(TM) SE Runtime Environment (21.0.1+12) (build 21.0.1+12-LTS-29)
# Java VM: Java HotSpot(TM) 64-Bit Server VM (21.0.1+12-LTS-29, mixed mode, sharing, tiered, compressed oops, compressed class ptrs, g1 gc, windows-amd64)
GC Precious Log:
 CardTable entry size: 512
 Card Set container configuration: InlinePtr #cards 4 size 8 Array Of Cards #cards 16 size 48 Howl #buckets 8 coarsen threshold 3686 Howl Bitmap #cards 512 size 80 coarsen threshold 460 Card regions per heap region 1 cards per card region 4096
 CPUs: 8 total, 8 available
 Memory: 7937M
 Large Page Support: Disabled
 NUMA Support: Disabled
 Compressed Oops: Enabled (Zero based)
 Heap Region Size: 2M
 Heap Min Capacity: 8M
 Heap Initial Capacity: 126M
 Heap Max Capacity: 4G
 Pre-touch: Disabled
 Parallel Workers: 8
 Concurrent Workers: 2
 Concurrent Refinement Workers: 8
 Periodic GC: Disabled
Heap:
 garbage-first heap   total 331776K, used 168503K [0x0000000700000000, 0x0000000800000000)
  region size 2048K, 32 young (65536K), 8 survivors (16384K)
 Metaspace       used 94831K, committed 97024K, reserved 1179648K
  class space    used 13048K, committed 14144K, reserved 1048576K
GC Heap History (20 events):
Event: 97.887 GC heap before
{Heap before GC invocations=42 (full 0):
 garbage-first heap   total 225280K, used 202141K [0x0000000700000000, 0x0000000800000000)
  region size 2048K, 51 young (104448K), 3 survivors (6144K)
 Metaspace       used 87279K, committed 89408K, reserved 1179648K
  class space    used 12130K, committed 13184K, reserved 1048576K
}
Event: 97.896 GC heap after
{Heap after GC invocations=43 (full 0):
 garbage-first heap   total 225280K, used 105736K [0x0000000700000000, 0x0000000800000000)
  region size 2048K, 3 young (6144K), 3 survivors (6144K)
 Metaspace       used 87279K, committed 89408K, reserved 1179648K
  class space    used 12130K, committed 13184K, reserved 1048576K
}
Event: 98.545 GC heap before
{Heap before GC invocations=43 (full 0):
 garbage-first heap   total 225280K, used 204040K [0x0000000700000000, 0x0000000800000000)
  region size 2048K, 52 young (106496K), 3 survivors (6144K)
 Metaspace       used 87291K, committed 89408K, reserved 1179648K
  class space    used 12130K, committed 13184K, reserved 1048576K
}
Event: 98.552 GC heap after
{Heap after GC invocations=44 (full 0):
 garbage-first heap   total 270336K, used 106345K [0x0000000700000000, 0x0000000800000000)
  region size 2048K, 3 young (6144K), 3 survivors (6144K)
 Metaspace       used 87291K, committed 89408K, reserved 1179648K
  class space    used 12130K, committed 13184K, reserved 1048576K
}
Event: 99.171 GC heap before
{Heap before GC invocations=45 (full 0):
 garbage-first heap   total 270336K, used 245609K [0x0000000700000000, 0x0000000800000000)
  region size 2048K, 72 young (147456K), 3 survivors (6144K)
 Metaspace       used 87292K, committed 89408K, reserved 1179648K
  class space    used 12130K, committed 13184K, reserved 1048576K
}
Event: 99.177 GC heap after
{Heap after GC invocations=46 (full 0):
 garbage-first heap   total 270336K, used 106065K [0x0000000700000000, 0x0000000800000000)
  region size 2048K, 3 young (6144K), 3 survivors (6144K)
 Metaspace       used 87292K, committed 89408K, reserved 1179648K
  class space    used 12130K, committed 13184K, reserved 1048576K
}
Event: 99.626 GC heap before
{Heap before GC invocations=46 (full 0):
 garbage-first heap   total 270336K, used 245329K [0x0000000700000000, 0x0000000800000000)
  region size 2048K, 72 young (147456K), 3 survivors (6144K)
 Metaspace       used 87292K, committed 89408K, reserved 1179648K
  class space    used 12130K, committed 13184K, reserved 1048576K
}
Event: 99.634 GC heap after
{Heap after GC invocations=47 (full 0):
 garbage-first heap   total 270336K, used 107615K [0x0000000700000000, 0x0000000800000000)
  region size 2048K, 4 young (8192K), 4 survivors (8192K)
 Metaspace       used 87292K, committed 89408K, reserved 1179648K
  class space    used 12130K, committed 13184K, reserved 1048576K
}
Event: 99.913 GC heap before
{Heap before GC invocations=47 (full 0):
 garbage-first heap   total 270336K, used 244831K [0x0000000700000000, 0x0000000800000000)
  region size 2048K, 71 young (145408K), 4 survivors (8192K)
 Metaspace       used 87292K, committed 89408K, reserved 1179648K
  class space    used 12130K, committed 13184K, reserved 1048576K
}
Event: 99.919 GC heap after
{Heap after GC invocations=48 (full 0):
 garbage-first heap   total 270336K, used 107962K [0x0000000700000000, 0x0000000800000000)
  region size 2048K, 4 young (8192K), 4 survivors (8192K)
 Metaspace       used 87292K, committed 89408K, reserved 1179648K
  class space    used 12130K, committed 13184K, reserved 1048576K
}
Event: 100.415 GC heap before
{Heap before GC invocations=49 (full 0):
 garbage-first heap   total 276480K, used 245178K [0x0000000700000000, 0x0000000800000000)
  region size 2048K, 71 young (145408K), 4 survivors (8192K)
 Metaspace       used 87293K, committed 89408K, reserved 1179648K
  class space    used 12130K, committed 13184K, reserved 1048576K
}
Event: 100.423 GC heap after
{Heap after GC invocations=50 (full 0):
 garbage-first heap   total 276480K, used 109032K [0x0000000700000000, 0x0000000800000000)
  region size 2048K, 5 young (10240K), 5 survivors (10240K)
 Metaspace       used 87293K, committed 89408K, reserved 1179648K
  class space    used 12130K, committed 13184K, reserved 1048576K
}
Event: 100.749 GC heap before
{Heap before GC invocations=50 (full 0):
 garbage-first heap   total 276480K, used 248296K [0x0000000700000000, 0x0000000800000000)
  region size 2048K, 73 young (149504K), 5 survivors (10240K)
 Metaspace       used 87294K, committed 89408K, reserved 1179648K
  class space    used 12130K, committed 13184K, reserved 1048576K
}
Event: 100.760 GC heap after
{Heap after GC invocations=51 (full 0):
 garbage-first heap   total 276480K, used 109218K [0x0000000700000000, 0x0000000800000000)
  region size 2048K, 5 young (10240K), 5 survivors (10240K)
 Metaspace       used 87294K, committed 89408K, reserved 1179648K
  class space    used 12130K, committed 13184K, reserved 1048576K
}
Event: 101.165 GC heap before
{Heap before GC invocations=51 (full 0):
 garbage-first heap   total 276480K, used 248482K [0x0000000700000000, 0x0000000800000000)
  region size 2048K, 73 young (149504K), 5 survivors (10240K)
 Metaspace       used 87294K, committed 89408K, reserved 1179648K
  class space    used 12130K, committed 13184K, reserved 1048576K
}
Event: 101.169 GC heap after
{Heap after GC invocations=52 (full 0):
 garbage-first heap   total 331776K, used 102824K [0x0000000700000000, 0x0000000800000000)
  region size 2048K, 2 young (4096K), 2 survivors (4096K)
 Metaspace       used 87294K, committed 89408K, reserved 1179648K
  class space    used 12130K, committed 13184K, reserved 1048576K
}
Event: 102.958 GC heap before
{Heap before GC invocations=53 (full 0):
 garbage-first heap   total 331776K, used 295336K [0x0000000700000000, 0x0000000800000000)
  region size 2048K, 97 young (198656K), 2 survivors (4096K)
 Metaspace       used 87346K, committed 89472K, reserved 1179648K
  class space    used 12138K, committed 13184K, reserved 1048576K
}
Event: 102.961 GC heap after
{Heap after GC invocations=54 (full 0):
 garbage-first heap   total 331776K, used 102229K [0x0000000700000000, 0x0000000800000000)
  region size 2048K, 1 young (2048K), 1 survivors (2048K)
 Metaspace       used 87346K, committed 89472K, reserved 1179648K
  class space    used 12138K, committed 13184K, reserved 1048576K
}
Event: 105.997 GC heap before
{Heap before GC invocations=54 (full 0):
 garbage-first heap   total 331776K, used 304981K [0x0000000700000000, 0x0000000800000000)
  region size 2048K, 97 young (198656K), 1 survivors (2048K)
 Metaspace       used 92493K, committed 94720K, reserved 1179648K
  class space    used 12744K, committed 13824K, reserved 1048576K
}
Event: 106.011 GC heap after
{Heap after GC invocations=55 (full 0):
 garbage-first heap   total 331776K, used 123447K [0x0000000700000000, 0x0000000800000000)
  region size 2048K, 8 young (16384K), 8 survivors (16384K)
 Metaspace       used 92493K, committed 94720K, reserved 1179648K
  class space    used 12744K, committed 13824K, reserved 1048576K
}

